[Trace - 16:25:31.823 PM] Sending request 'initialize - (1)'.
Params: {"processId":294596,"clientInfo":{"name":"Visual Studio Code","version":"1.102.3"},"locale":"en","rootPath":"/home/me/Projects/templ-lsp-struct-test","rootUri":"file:///home/me/Projects/templ-lsp-struct-test","capabilities":{"workspace":{"applyEdit":true,"workspaceEdit":{"documentChanges":true,"failureHandling":"textOnlyTransactional","resourceOperations":["create","rename","delete"],"normalizesLineEndings":true,"changeAnnotationSupport":{"groupsOnLabel":true}},"didChangeConfiguration":{"dynamicRegistration":true},"didChangeWatchedFiles":{"dynamicRegistration":true},"symbol":{"dynamicRegistration":true,"symbolKind":{"valueSet":[1,2,3,4,5,6,7,8,9,10,11,12,13,14,15,16,17,18,19,20,21,22,23,24,25,26]},"tagSupport":{"valueSet":[1]}},"executeCommand":{"dynamicRegistration":true},"workspaceFolders":true,"configuration":true,"semanticTokens":{"refreshSupport":true},"codeLens":{"refreshSupport":true},"fileOperations":{"dynamicRegistration":true,"didCreate":true,"willCreate":true,"didRename":true,"willRename":true,"didDelete":true,"willDelete":true}},"textDocument":{"synchronization":{"dynamicRegistration":true,"willSave":true,"willSaveWaitUntil":true,"didSave":true},"completion":{"dynamicRegistration":true,"completionItem":{"snippetSupport":true,"commitCharactersSupport":true,"documentationFormat":["markdown","plaintext"],"deprecatedSupport":true,"preselectSupport":true,"tagSupport":{"valueSet":[1]},"insertReplaceSupport":true,"resolveSupport":{"properties":["documentation","detail","additionalTextEdits"]},"insertTextModeSupport":{"valueSet":[1,2]}},"completionItemKind":{"valueSet":[1,2,3,4,5,6,7,8,9,10,11,12,13,14,15,16,17,18,19,20,21,22,23,24,25]},"contextSupport":true},"hover":{"dynamicRegistration":true,"contentFormat":["markdown","plaintext"]},"signatureHelp":{"dynamicRegistration":true,"signatureInformation":{"documentationFormat":["markdown","plaintext"],"parameterInformation":{"labelOffsetSupport":true},"activeParameterSupport":true},"contextSupport":true},"declaration":{"dynamicRegistration":true,"linkSupport":true},"definition":{"dynamicRegistration":true,"linkSupport":true},"typeDefinition":{"dynamicRegistration":true,"linkSupport":true},"implementation":{"dynamicRegistration":true,"linkSupport":true},"references":{"dynamicRegistration":true},"documentHighlight":{"dynamicRegistration":true},"documentSymbol":{"dynamicRegistration":true,"symbolKind":{"valueSet":[1,2,3,4,5,6,7,8,9,10,11,12,13,14,15,16,17,18,19,20,21,22,23,24,25,26]},"hierarchicalDocumentSymbolSupport":true,"tagSupport":{"valueSet":[1]},"labelSupport":true},"codeAction":{"dynamicRegistration":true,"codeActionLiteralSupport":{"codeActionKind":{"valueSet":["","quickfix","refactor","refactor.extract","refactor.inline","refactor.rewrite","source","source.organizeImports"]}},"isPreferredSupport":true,"disabledSupport":true,"dataSupport":true,"resolveSupport":{"properties":["edit"]},"honorsChangeAnnotations":true},"codeLens":{"dynamicRegistration":true},"documentLink":{"dynamicRegistration":true,"tooltipSupport":true},"colorProvider":{"dynamicRegistration":true},"formatting":{"dynamicRegistration":true},"rangeFormatting":{"dynamicRegistration":true},"onTypeFormatting":{"dynamicRegistration":true},"publishDiagnostics":{"relatedInformation":true,"tagSupport":{"valueSet":[1,2]},"codeDescriptionSupport":true,"dataSupport":true},"rename":{"dynamicRegistration":true,"prepareSupport":true,"prepareSupportDefaultBehavior":1,"honorsChangeAnnotations":true},"selectionRange":{"dynamicRegistration":true},"callHierarchy":{"dynamicRegistration":true},"semanticTokens":{"dynamicRegistration":true,"requests":{"range":true,"full":{"delta":true}},"tokenTypes":["namespace","type","class","enum","interface","struct","typeParameter","parameter","variable","property","enumMember","event","function","method","macro","keyword","modifier","comment","string","number","regexp","operator","decorator"],"tokenModifiers":["declaration","definition","readonly","static","deprecated","abstract","async","modification","documentation","defaultLibrary"],"formats":["relative"]},"linkedEditingRange":{"dynamicRegistration":true}},"window":{"workDoneProgress":true,"showMessage":{"messageActionItem":{"additionalPropertiesSupport":true}},"showDocument":{"support":true}},"general":{"regularExpressions":{"engine":"ECMAScript","version":"ES2020"},"markdown":{"parser":"marked","version":"1.1.0"}}},"trace":"off","workspaceFolders":[{"uri":"file:///home/me/Projects/templ-lsp-struct-test","name":"templ-lsp-struct-test"}]}


[Trace - 16:25:31.824 PM] Received response 'initialize - (1)' in 0ms.
Result: {"capabilities":{"textDocumentSync":{"openClose":true,"change":2,"save":{}},"completionProvider":{"triggerCharacters":["."]},"hoverProvider":true,"signatureHelpProvider":{"triggerCharacters":["(",","]},"definitionProvider":true,"typeDefinitionProvider":true,"implementationProvider":true,"referencesProvider":true,"documentHighlightProvider":true,"documentSymbolProvider":true,"codeActionProvider":{"codeActionKinds":["gopls.doc.features","quickfix","refactor.extract.constant","refactor.extract.constant-all","refactor.extract.function","refactor.extract.method","refactor.extract.toNewFile","refactor.extract.variable","refactor.extract.variable-all","refactor.inline.call","refactor.inline.variable","refactor.rewrite.changeQuote","refactor.rewrite.fillStruct","refactor.rewrite.fillSwitch","refactor.rewrite.invertIf","refactor.rewrite.joinLines","refactor.rewrite.removeUnusedParam","refactor.rewrite.splitLines","source.assembly","source.doc","source.fixAll","source.freesymbols","source.organizeImports","source.splitPackage"],"resolveProvider":true},"codeLensProvider":{},"documentLinkProvider":{},"workspaceSymbolProvider":true,"documentFormattingProvider":true,"renameProvider":{"prepareProvider":true},"foldingRangeProvider":true,"selectionRangeProvider":true,"executeCommandProvider":{"commands":["gopls.add_dependency","gopls.add_import","gopls.add_telemetry_counters","gopls.add_test","gopls.apply_fix","gopls.assembly","gopls.change_signature","gopls.check_upgrades","gopls.client_open_url","gopls.diagnose_files","gopls.doc","gopls.edit_go_directive","gopls.extract_to_new_file","gopls.fetch_vulncheck_result","gopls.free_symbols","gopls.gc_details","gopls.generate","gopls.go_get_package","gopls.list_imports","gopls.list_known_packages","gopls.maybe_prompt_for_telemetry","gopls.mem_stats","gopls.modify_tags","gopls.modules","gopls.package_symbols","gopls.packages","gopls.regenerate_cgo","gopls.remove_dependency","gopls.reset_go_mod_diagnostics","gopls.run_go_work_command","gopls.run_govulncheck","gopls.run_tests","gopls.scan_imports","gopls.split_package","gopls.start_debugging","gopls.start_profile","gopls.stop_profile","gopls.tidy","gopls.update_go_sum","gopls.upgrade_dependency","gopls.vendor","gopls.views","gopls.vulncheck","gopls.workspace_stats"]},"callHierarchyProvider":true,"semanticTokensProvider":{"legend":{"tokenTypes":["namespace","type","typeParameter","parameter","variable","function","method","macro","keyword","comment","string","number","operator","label"],"tokenModifiers":["definition","readonly","defaultLibrary","array","bool","chan","format","interface","map","number","pointer","signature","slice","string","struct"]},"range":true,"full":true},"typeHierarchyProvider":true,"inlayHintProvider":{},"workspace":{"workspaceFolders":{"supported":true,"changeNotifications":"workspace/didChangeWorkspaceFolders"},"fileOperations":{"didCreate":{"filters":[{"scheme":"file","pattern":{"glob":"**/*.go"}}]}}}},"serverInfo":{"name":"gopls","version":"{\"GoVersion\":\"go1.24.5\",\"Path\":\"golang.org/x/tools/gopls\",\"Main\":{\"Path\":\"golang.org/x/tools/gopls\",\"Version\":\"v0.20.0\",\"Sum\":\"h1:fxOYZXKl6IsOTKIh6IgjDbIDHlr5btOtOUkrGOgFDB4=\",\"Replace\":null},\"Deps\":[{\"Path\":\"github.com/BurntSushi/toml\",\"Version\":\"v1.5.0\",\"Sum\":\"h1:W5quZX/G/csjUnuI8SUYlsHs9M38FC7znL0lIO+DvMg=\",\"Replace\":null},{\"Path\":\"github.com/fatih/camelcase\",\"Version\":\"v1.0.0\",\"Sum\":\"h1:hxNvNX/xYBp0ovncs8WyWZrOrpBNub/JfaMvbURyft8=\",\"Replace\":null},{\"Path\":\"github.com/fatih/gomodifytags\",\"Version\":\"v1.17.1-0.20250423142747-f3939df9aa3c\",\"Sum\":\"h1:dDSgAjoOMp8da3egfz0t2S+t8RGOpEmEXZubcGuc0Bg=\",\"Replace\":null},{\"Path\":\"github.com/fatih/structtag\",\"Version\":\"v1.2.0\",\"Sum\":\"h1:/OdNE99OxoI/PqaW/SuSK9uxxT3f/tcSZgon/ssNSx4=\",\"Replace\":null},{\"Path\":\"github.com/fsnotify/fsnotify\",\"Version\":\"v1.9.0\",\"Sum\":\"h1:2Ml+OJNzbYCTzsxtv8vKSFD9PbJjmhYF14k/jKC7S9k=\",\"Replace\":null},{\"Path\":\"github.com/google/go-cmp\",\"Version\":\"v0.7.0\",\"Sum\":\"h1:wk8382ETsv4JYUZwIsn6YpYiWiBsYLSJiTsyBybVuN8=\",\"Replace\":null},{\"Path\":\"golang.org/x/exp/typeparams\",\"Version\":\"v0.0.0-20250620022241-b7579e27df2b\",\"Sum\":\"h1:KdrhdYPDUvJTvrDK9gdjfFd6JTk8vA1WJoldYSi0kHo=\",\"Replace\":null},{\"Path\":\"golang.org/x/mod\",\"Version\":\"v0.26.0\",\"Sum\":\"h1:EGMPT//Ezu+ylkCijjPc+f4Aih7sZvaAr+O3EHBxvZg=\",\"Replace\":null},{\"Path\":\"golang.org/x/sync\",\"Version\":\"v0.16.0\",\"Sum\":\"h1:ycBJEhp9p4vXvUZNszeOq0kGTPghopOL8q0fq3vstxw=\",\"Replace\":null},{\"Path\":\"golang.org/x/sys\",\"Version\":\"v0.34.0\",\"Sum\":\"h1:H5Y5sJ2L2JRdyv7ROF1he/lPdvFsd0mJHFw2ThKHxLA=\",\"Replace\":null},{\"Path\":\"golang.org/x/telemetry\",\"Version\":\"v0.0.0-20250710130107-8d8967aff50b\",\"Sum\":\"h1:DU+gwOBXU+6bO0sEyO7o/NeMlxZxCZEvI7v+J4a1zRQ=\",\"Replace\":null},{\"Path\":\"golang.org/x/text\",\"Version\":\"v0.27.0\",\"Sum\":\"h1:4fGWRpyh641NLlecmyl4LOe6yDdfaYNrGb2zdfo4JV4=\",\"Replace\":null},{\"Path\":\"golang.org/x/tools\",\"Version\":\"v0.35.1-0.20250728180453-01a3475a31bc\",\"Sum\":\"h1:ZRKyKRJl/YEWl9ScZwd6Ua6xSt7DE6tHp1I3ucMroGM=\",\"Replace\":null},{\"Path\":\"golang.org/x/vuln\",\"Version\":\"v1.1.4\",\"Sum\":\"h1:Ju8QsuyhX3Hk8ma3CesTbO8vfJD9EvUBgHvkxHBzj0I=\",\"Replace\":null},{\"Path\":\"honnef.co/go/tools\",\"Version\":\"v0.7.0-0.dev.0.20250523013057-bbc2f4dd71ea\",\"Sum\":\"h1:fj8r9irJSpolAGUdZBxJIRY3lLc4jH2Dt4lwnWyWwpw=\",\"Replace\":null},{\"Path\":\"mvdan.cc/gofumpt\",\"Version\":\"v0.8.0\",\"Sum\":\"h1:nZUCeC2ViFaerTcYKstMmfysj6uhQrA2vJe+2vwGU6k=\",\"Replace\":null},{\"Path\":\"mvdan.cc/xurls/v2\",\"Version\":\"v2.6.0\",\"Sum\":\"h1:3NTZpeTxYVWNSokW3MKeyVkz/j7uYXYiMtXRUfmjbgI=\",\"Replace\":null}],\"Settings\":[{\"Key\":\"-buildmode\",\"Value\":\"exe\"},{\"Key\":\"-compiler\",\"Value\":\"gc\"},{\"Key\":\"CGO_ENABLED\",\"Value\":\"1\"},{\"Key\":\"CGO_CFLAGS\",\"Value\":\"\"},{\"Key\":\"CGO_CPPFLAGS\",\"Value\":\"\"},{\"Key\":\"CGO_CXXFLAGS\",\"Value\":\"\"},{\"Key\":\"CGO_LDFLAGS\",\"Value\":\"\"},{\"Key\":\"GOARCH\",\"Value\":\"amd64\"},{\"Key\":\"GOOS\",\"Value\":\"linux\"},{\"Key\":\"GOAMD64\",\"Value\":\"v1\"}],\"Version\":\"v0.20.0\"}"}}


[Trace - 16:25:31.828 PM] Sending notification 'initialized'.
Params: {}


[Trace - 16:25:31.828 PM] Sending notification 'textDocument/didOpen'.
Params: {"textDocument":{"uri":"file:///home/me/Projects/templ-lsp-struct-test/templates/example_templ.go","languageId":"go","version":1,"text":"// Code generated by templ - DO NOT EDIT.\n\npackage templates\n\n//lint:file-ignore SA4006 This context is only used if a nested component is present.\n\nimport \"github.com/a-h/templ\"\nimport templruntime \"github.com/a-h/templ/runtime\"\n\ntype Notifications struct{}\n\nfunc (Notifications) Index() templ.Component {\n\treturn templruntime.GeneratedTemplate(func(templ_7745c5c3_Input templruntime.GeneratedComponentInput) (templ_7745c5c3_Err error) {\n\t\ttempl_7745c5c3_W, ctx := templ_7745c5c3_Input.Writer, templ_7745c5c3_Input.Context\n\t\tif templ_7745c5c3_CtxErr := ctx.Err(); templ_7745c5c3_CtxErr != nil {\n\t\t\treturn templ_7745c5c3_CtxErr\t\t}\n\t\ttempl_7745c5c3_Buffer, templ_7745c5c3_IsBuffer := templruntime.GetBuffer(templ_7745c5c3_W)\n\t\tif !templ_7745c5c3_IsBuffer {\n\t\t\tdefer func() {\n\t\t\t\ttempl_7745c5c3_BufErr := templruntime.ReleaseBuffer(templ_7745c5c3_Buffer)\n\t\t\t\tif templ_7745c5c3_Err == nil {\n\t\t\t\t\ttempl_7745c5c3_Err = templ_7745c5c3_BufErr\n\t\t\t\t}\n\t\t\t}()\n\t\t}\n\t\tctx = templ.InitializeContext(ctx)\n\t\ttempl_7745c5c3_Var1 := templ.GetChildren(ctx)\n\t\tif templ_7745c5c3_Var1 == nil {\n\t\t\ttempl_7745c5c3_Var1 = templ.NopComponent\n\t\t}\n\t\tctx = templ.ClearChildren(ctx)\n\t\ttempl_7745c5c3_Err = templruntime.WriteString(templ_7745c5c3_Buffer, 1, \"\u003cdiv class=\\\"grid grid-cols-12 grid-rows-[min-content] gap-y-12 p-4 lg:gap-x-12 lg:p-10 ajax-root\\\" hx-target=\\\".ajax-root\\\"\u003e\u003cdiv class=\\\"col-span-12\\\"\u003e\u003c!-- Notifications Header with Actions --\u003e\u003cdiv class=\\\"flex flex-col gap-4 sm:flex-row sm:items-center sm:justify-between\\\"\u003e\u003cdiv class=\\\"flex items-center gap-4\\\"\u003e\u003ch2 class=\\\"text-xl font-semibold\\\"\u003eAll Notifications\u003c/h2\u003e\u003cdiv class=\\\"badge badge-primary badge-lg\\\"\u003e777 unread\u003c/div\u003e\u003c/div\u003e\u003cdiv class=\\\"flex flex-wrap gap-2\\\"\u003e\u003c!-- Filter Dropdown --\u003e\u003cdiv class=\\\"dropdown dropdown-end\\\"\u003e\u003cdiv tabindex=\\\"0\\\" role=\\\"button\\\" class=\\\"btn btn-outline btn-sm\\\"\u003e\u003csvg data-src=\\\"/static/pkg/heroicons/20/solid/funnel.svg\\\" class=\\\"h-4 w-4\\\"\u003e\u003c/svg\u003e Filter\u003c/div\u003e\u003cul tabindex=\\\"0\\\" class=\\\"dropdown-content menu z-[1] w-52 rounded-box bg-base-100 p-2 shadow\\\"\u003e\u003cli\u003e\u003ca class=\\\"active\\\"\u003eAll\u003c/a\u003e\u003c/li\u003e\u003cli\u003e\u003ca\u003eUnread only\u003c/a\u003e\u003c/li\u003e\u003cli\u003e\u003ca\u003eRead only\u003c/a\u003e\u003c/li\u003e\u003cli\u003e\u003cdiv class=\\\"divider my-1\\\"\u003e\u003c/div\u003e\u003c/li\u003e\u003cli\u003e\u003ca\u003eInfo\u003c/a\u003e\u003c/li\u003e\u003cli\u003e\u003ca\u003eWarning\u003c/a\u003e\u003c/li\u003e\u003cli\u003e\u003ca\u003eSuccess\u003c/a\u003e\u003c/li\u003e\u003cli\u003e\u003ca\u003eError\u003c/a\u003e\u003c/li\u003e\u003c/ul\u003e\u003c/div\u003e\u003c!-- Mark All as Read Button --\u003e\u003cbutton class=\\\"btn btn-primary btn-sm\\\" hx-post=\\\"/_dashboard/notifications/mark-all-read\\\" hx-target=\\\".ajax-root\\\" hx-indicator=\\\"#htmx-loading-spinner\\\"\u003e\u003csvg data-src=\\\"/static/pkg/heroicons/20/solid/check-double.svg\\\" class=\\\"h-4 w-4\\\"\u003e\u003c/svg\u003e Mark all read\u003c/button\u003e\u003c/div\u003e\u003c/div\u003e\u003c!-- Notifications List --\u003e\u003cdiv class=\\\"mt-6 space-y-4\\\"\u003e\u003c/div\u003e\u003c!-- Empty State (hidden by default) --\u003e\u003cdiv class=\\\"hidden mt-12 text-center\\\"\u003e\u003cdiv class=\\\"mx-auto w-24 h-24 text-base-300 mb-4\\\"\u003e\u003csvg data-src=\\\"/static/pkg/heroicons/24/outline/bell.svg\\\" class=\\\"w-full h-full\\\"\u003e\u003c/svg\u003e\u003c/div\u003e\u003ch3 class=\\\"text-lg font-medium text-base-content mb-2\\\"\u003eNo notifications\u003c/h3\u003e\u003cp class=\\\"text-base-content/70\\\"\u003eYou're all caught up! Check back later for new updates.\u003c/p\u003e\u003c/div\u003e\u003c!-- Load More Button --\u003e\u003cdiv class=\\\"mt-8 text-center\\\"\u003e\u003cbutton class=\\\"btn btn-outline btn-wide\\\"\u003eLoad more notifications\u003c/button\u003e\u003c/div\u003e\u003c/div\u003e\u003c/div\u003e\")\n\t\tif templ_7745c5c3_Err != nil {\n\t\t\treturn templ_7745c5c3_Err\n\t\t}\n\t\treturn nil\n\t})\n}\n\nfunc example() {\n\tprintln(\"Hello World\")\n}\n\nvar _ = templruntime.GeneratedTemplate"}}


[Trace - 16:25:31.828 PM] Received request 'window/workDoneProgress/create - (1)'.
Params: {"token":"4986023761359740360"}


[Trace - 16:25:31.833 PM] Sending response 'window/workDoneProgress/create - (1)' in 4ms.
Result: 


[Trace - 16:25:31.833 PM] Received notification '$/progress'.
Params: {"token":"4986023761359740360","value":{"kind":"begin","title":"Setting up workspace","message":"Loading packages..."}}


[Trace - 16:25:31.833 PM] Received request 'workspace/configuration - (2)'.
Params: {"items":[{"scopeUri":"file:///home/me/Projects/templ-lsp-struct-test","section":"gopls"}]}


[Trace - 16:25:31.834 PM] Sending notification 'textDocument/didOpen'.
Params: {"textDocument":{"uri":"file:///home/me/Projects/templ-lsp-struct-test/templates/example_templ.go","languageId":"templ","version":1,"text":"// Code generated by templ - DO NOT EDIT.\n\npackage templates\n\n//lint:file-ignore SA4006 This context is only used if a nested component is present.\n\nimport \"github.com/a-h/templ\"\nimport templruntime \"github.com/a-h/templ/runtime\"\n\ntype Notifications struct{}\n\nfunc (Notifications) Index() templ.Component {\n\treturn templruntime.GeneratedTemplate(func(templ_7745c5c3_Input templruntime.GeneratedComponentInput) (templ_7745c5c3_Err error) {\n\t\ttempl_7745c5c3_W, ctx := templ_7745c5c3_Input.Writer, templ_7745c5c3_Input.Context\n\t\tif templ_7745c5c3_CtxErr := ctx.Err(); templ_7745c5c3_CtxErr != nil {\n\t\t\treturn templ_7745c5c3_CtxErr\t\t}\n\t\ttempl_7745c5c3_Buffer, templ_7745c5c3_IsBuffer := templruntime.GetBuffer(templ_7745c5c3_W)\n\t\tif !templ_7745c5c3_IsBuffer {\n\t\t\tdefer func() {\n\t\t\t\ttempl_7745c5c3_BufErr := templruntime.ReleaseBuffer(templ_7745c5c3_Buffer)\n\t\t\t\tif templ_7745c5c3_Err == nil {\n\t\t\t\t\ttempl_7745c5c3_Err = templ_7745c5c3_BufErr\n\t\t\t\t}\n\t\t\t}()\n\t\t}\n\t\tctx = templ.InitializeContext(ctx)\n\t\ttempl_7745c5c3_Var1 := templ.GetChildren(ctx)\n\t\tif templ_7745c5c3_Var1 == nil {\n\t\t\ttempl_7745c5c3_Var1 = templ.NopComponent\n\t\t}\n\t\tctx = templ.ClearChildren(ctx)\n\t\ttempl_7745c5c3_Err = templruntime.WriteString(templ_7745c5c3_Buffer, 1, \"\u003cdiv class=\\\"grid grid-cols-12 grid-rows-[min-content] gap-y-12 p-4 lg:gap-x-12 lg:p-10 ajax-root\\\" hx-target=\\\".ajax-root\\\"\u003e\u003cdiv class=\\\"col-span-12\\\"\u003e\u003c!-- Notifications Header with Actions --\u003e\u003cdiv class=\\\"flex flex-col gap-4 sm:flex-row sm:items-center sm:justify-between\\\"\u003e\u003cdiv class=\\\"flex items-center gap-4\\\"\u003e\u003ch2 class=\\\"text-xl font-semibold\\\"\u003eAll Notifications\u003c/h2\u003e\u003cdiv class=\\\"badge badge-primary badge-lg\\\"\u003e777 unread\u003c/div\u003e\u003c/div\u003e\u003cdiv class=\\\"flex flex-wrap gap-2\\\"\u003e\u003c!-- Filter Dropdown --\u003e\u003cdiv class=\\\"dropdown dropdown-end\\\"\u003e\u003cdiv tabindex=\\\"0\\\" role=\\\"button\\\" class=\\\"btn btn-outline btn-sm\\\"\u003e\u003csvg data-src=\\\"/static/pkg/heroicons/20/solid/funnel.svg\\\" class=\\\"h-4 w-4\\\"\u003e\u003c/svg\u003e Filter\u003c/div\u003e\u003cul tabindex=\\\"0\\\" class=\\\"dropdown-content menu z-[1] w-52 rounded-box bg-base-100 p-2 shadow\\\"\u003e\u003cli\u003e\u003ca class=\\\"active\\\"\u003eAll\u003c/a\u003e\u003c/li\u003e\u003cli\u003e\u003ca\u003eUnread only\u003c/a\u003e\u003c/li\u003e\u003cli\u003e\u003ca\u003eRead only\u003c/a\u003e\u003c/li\u003e\u003cli\u003e\u003cdiv class=\\\"divider my-1\\\"\u003e\u003c/div\u003e\u003c/li\u003e\u003cli\u003e\u003ca\u003eInfo\u003c/a\u003e\u003c/li\u003e\u003cli\u003e\u003ca\u003eWarning\u003c/a\u003e\u003c/li\u003e\u003cli\u003e\u003ca\u003eSuccess\u003c/a\u003e\u003c/li\u003e\u003cli\u003e\u003ca\u003eError\u003c/a\u003e\u003c/li\u003e\u003c/ul\u003e\u003c/div\u003e\u003c!-- Mark All as Read Button --\u003e\u003cbutton class=\\\"btn btn-primary btn-sm\\\" hx-post=\\\"/_dashboard/notifications/mark-all-read\\\" hx-target=\\\".ajax-root\\\" hx-indicator=\\\"#htmx-loading-spinner\\\"\u003e\u003csvg data-src=\\\"/static/pkg/heroicons/20/solid/check-double.svg\\\" class=\\\"h-4 w-4\\\"\u003e\u003c/svg\u003e Mark all read\u003c/button\u003e\u003c/div\u003e\u003c/div\u003e\u003c!-- Notifications List --\u003e\u003cdiv class=\\\"mt-6 space-y-4\\\"\u003e\u003c/div\u003e\u003c!-- Empty State (hidden by default) --\u003e\u003cdiv class=\\\"hidden mt-12 text-center\\\"\u003e\u003cdiv class=\\\"mx-auto w-24 h-24 text-base-300 mb-4\\\"\u003e\u003csvg data-src=\\\"/static/pkg/heroicons/24/outline/bell.svg\\\" class=\\\"w-full h-full\\\"\u003e\u003c/svg\u003e\u003c/div\u003e\u003ch3 class=\\\"text-lg font-medium text-base-content mb-2\\\"\u003eNo notifications\u003c/h3\u003e\u003cp class=\\\"text-base-content/70\\\"\u003eYou're all caught up! Check back later for new updates.\u003c/p\u003e\u003c/div\u003e\u003c!-- Load More Button --\u003e\u003cdiv class=\\\"mt-8 text-center\\\"\u003e\u003cbutton class=\\\"btn btn-outline btn-wide\\\"\u003eLoad more notifications\u003c/button\u003e\u003c/div\u003e\u003c/div\u003e\u003c/div\u003e\")\n\t\tif templ_7745c5c3_Err != nil {\n\t\t\treturn templ_7745c5c3_Err\n\t\t}\n\t\treturn nil\n\t})\n}\n\nfunc example() {\n\tprintln(\"Hello World\")\n}\n\nvar _ = templruntime.GeneratedTemplate"}}


[Trace - 16:25:31.836 PM] Sending response 'workspace/configuration - (2)' in 2ms.
Result: [{}]


[Trace - 16:25:31.844 PM] Received notification 'window/logMessage'.
Params: {"type":3,"message":"2025/08/08 16:25:31 Created View (#1)\n\tdirectory=/home/me/Projects/templ-lsp-struct-test\n\tview_type=\"GoMod\"\n\troot_dir=\"file:///home/me/Projects/templ-lsp-struct-test\"\n\tgo_version=\"go version go1.24.5 linux/amd64\"\n\tbuild_flags=[]\n\tenv={GOOS:linux GOARCH:amd64 GOCACHE:/home/me/.cache/go-build GOMODCACHE:/home/me/go/pkg/mod GOPATH:/home/me/go GOPRIVATE: GOFLAGS: GO111MODULE: GOTOOLCHAIN:local GOROOT:/usr/lib/golang GoVersion:24 GoVersionOutput:go version go1.24.5 linux/amd64\n ExplicitGOWORK: EffectiveGOPACKAGESDRIVER:}\n\tenv_overlay=[]\n"}


[Trace - 16:25:31.909 PM] Received notification 'window/logMessage'.
Params: {"type":3,"message":"2025/08/08 16:25:31 go/packages.Load #1\n\tview_id=\"1\"\n\tsnapshot=0\n\tdirectory=/home/me/Projects/templ-lsp-struct-test\n\tquery=[/home/me/Projects/templ-lsp-struct-test/... builtin]\n\tpackages=3\n\tduration=64.889359ms\n"}


[Trace - 16:25:31.925 PM] Sending notification '$/setTrace'.
Params: {"value":"off"}


[Trace - 16:25:31.927 PM] Received notification '$/progress'.
Params: {"token":"4986023761359740360","value":{"kind":"end","message":"Finished loading packages."}}


[Trace - 16:25:31.927 PM] Received request 'client/registerCapability - (3)'.
Params: {"registrations":[{"id":"workspace/didChangeWatchedFiles-0","method":"workspace/didChangeWatchedFiles","registerOptions":{"watchers":[{"globPattern":"/home/me/Projects/templ-lsp-struct-test","kind":7},{"globPattern":"/home/me/Projects/templ-lsp-struct-test/templates","kind":7},{"globPattern":"**/*.{mod,work}","kind":7},{"globPattern":"/home/me/Projects/templ-lsp-struct-test/**/*.{go,mod,sum,work}","kind":7}]}}]}


[Trace - 16:25:31.929 PM] Sending response 'client/registerCapability - (3)' in 1ms.
Result: 


[Trace - 16:25:31.929 PM] Received request 'client/registerCapability - (4)'.
Params: {"registrations":[{"id":"workspace/didChangeConfiguration","method":"workspace/didChangeConfiguration"}]}


[Trace - 16:25:31.929 PM] Sending response 'client/registerCapability - (4)' in 0ms.
Result: 


[Trace - 16:25:31.952 PM] Received notification 'textDocument/publishDiagnostics'.
Params: {"uri":"file:///home/me/Projects/templ-lsp-struct-test/templates/example_templ.go","version":1,"diagnostics":[]}


[Trace - 16:25:32.363 PM] Sending request 'textDocument/codeLens - (2)'.
Params: {"textDocument":{"uri":"file:///home/me/Projects/templ-lsp-struct-test/templates/example_templ.go"}}


[Trace - 16:25:32.363 PM] Received response 'textDocument/codeLens - (2)' in 0ms.
Result: null


[Trace - 16:25:32.364 PM] Sending notification '$/setTrace'.
Params: {"value":"off"}


[Trace - 16:25:32.391 PM] Sending notification 'workspace/didChangeConfiguration'.
Params: {}


[Trace - 16:25:32.391 PM] Received request 'workspace/configuration - (5)'.
Params: {"items":[{"section":"gopls"}]}


[Trace - 16:25:32.625 PM] Sending response 'workspace/configuration - (5)' in 233ms.
Result: [{}]


[Trace - 16:25:32.625 PM] Received request 'workspace/configuration - (6)'.
Params: {"items":[{"scopeUri":"file:///home/me/Projects/templ-lsp-struct-test","section":"gopls"}]}


[Trace - 16:25:32.661 PM] Sending response 'workspace/configuration - (6)' in 35ms.
Result: [{}]


[Trace - 16:25:32.719 PM] Sending notification '$/setTrace'.
Params: {"value":"off"}


[Trace - 16:25:32.737 PM] Sending notification 'workspace/didChangeConfiguration'.
Params: {}


[Trace - 16:25:32.737 PM] Received request 'workspace/configuration - (7)'.
Params: {"items":[{"section":"gopls"}]}


[Trace - 16:25:32.781 PM] Sending response 'workspace/configuration - (7)' in 43ms.
Result: [{}]


[Trace - 16:25:32.781 PM] Received request 'workspace/configuration - (8)'.
Params: {"items":[{"scopeUri":"file:///home/me/Projects/templ-lsp-struct-test","section":"gopls"}]}


[Trace - 16:25:32.844 PM] Sending response 'workspace/configuration - (8)' in 63ms.
Result: [{}]


[Trace - 16:25:32.879 PM] Sending notification '$/setTrace'.
Params: {"value":"off"}


[Trace - 16:25:32.879 PM] Sending notification 'workspace/didChangeConfiguration'.
Params: {}


[Trace - 16:25:32.880 PM] Received request 'workspace/configuration - (9)'.
Params: {"items":[{"section":"gopls"}]}


[Trace - 16:25:32.882 PM] Sending response 'workspace/configuration - (9)' in 1ms.
Result: [{}]


[Trace - 16:25:32.882 PM] Received request 'workspace/configuration - (10)'.
Params: {"items":[{"scopeUri":"file:///home/me/Projects/templ-lsp-struct-test","section":"gopls"}]}


[Trace - 16:25:32.882 PM] Sending response 'workspace/configuration - (10)' in 0ms.
Result: [{}]


[Trace - 16:25:34.344 PM] Sending request 'textDocument/documentSymbol - (3)'.
Params: {"textDocument":{"uri":"file:///home/me/Projects/templ-lsp-struct-test/templates/example_templ.go"}}


[Trace - 16:25:34.344 PM] Received response 'textDocument/documentSymbol - (3)' in 0ms.
Result: [{"name":"Notifications","detail":"struct{}","kind":23,"range":{"start":{"line":9,"character":5},"end":{"line":9,"character":27}},"selectionRange":{"start":{"line":9,"character":5},"end":{"line":9,"character":18}}},{"name":"(Notifications).Index","detail":"func() templ.Component","kind":6,"range":{"start":{"line":11,"character":0},"end":{"line":37,"character":1}},"selectionRange":{"start":{"line":11,"character":21},"end":{"line":11,"character":26}}},{"name":"example","detail":"func()","kind":12,"range":{"start":{"line":39,"character":0},"end":{"line":41,"character":1}},"selectionRange":{"start":{"line":39,"character":5},"end":{"line":39,"character":12}}}]


[Trace - 16:25:34.345 PM] Sending request 'textDocument/codeLens - (4)'.
Params: {"textDocument":{"uri":"file:///home/me/Projects/templ-lsp-struct-test/templates/example_templ.go"}}


[Trace - 16:25:34.345 PM] Received response 'textDocument/codeLens - (4)' in 0ms.
Result: null


[Trace - 16:25:34.408 PM] Sending request 'textDocument/codeLens - (5)'.
Params: {"textDocument":{"uri":"file:///home/me/Projects/templ-lsp-struct-test/templates/example_templ.go"}}


[Trace - 16:25:34.409 PM] Received response 'textDocument/codeLens - (5)' in 0ms.
Result: null


[Trace - 16:26:01.857 PM] Received notification 'window/logMessage'.
Params: {"type":3,"message":"2025/08/08 16:26:01 background imports cache refresh starting\n"}


[Trace - 16:26:01.887 PM] Received notification 'window/logMessage'.
Params: {"type":3,"message":"2025/08/08 16:26:01 background refresh finished after 41.863155ms\n"}


